<?xml version="1.0" encoding="utf-8"?><testsuites name="pytest tests"><testsuite name="pytest" errors="0" failures="0" skipped="0" tests="88" time="5.336" timestamp="2026-09-15T09:56:32.621222+00:00" hostname="localhost"><testcase classname="tests.test_ordinary_deployment_ablation" name="test_deployment_arbitrates_only_the_same_strategic_certificate[False]" time="0.001" /><testcase classname="tests.test_ordinary_deployment_ablation" name="test_deployment_arbitrates_only_the_same_strategic_certificate[True]" time="0.000" /><testcase classname="tests.test_ordinary_persistence" name="test_persistent_reference_evidence_still_needs_own_five_current_observations" time="0.020" /><testcase classname="tests.test_ordinary_persistence" name="test_market_persistence_resets_on_invalid_or_missing_sessions[freeze]" time="0.012" /><testcase classname="tests.test_ordinary_persistence" name="test_market_persistence_resets_on_invalid_or_missing_sessions[witness]" time="0.012" /><testcase classname="tests.test_ordinary_persistence" name="test_market_persistence_resets_on_invalid_or_missing_sessions[missing]" time="0.013" /><testcase classname="tests.test_ordinary_persistence" name="test_market_persistence_resets_on_invalid_or_missing_sessions[gap]" time="0.013" /><testcase classname="tests.test_ordinary_persistence" name="test_market_persistence_resets_on_invalid_or_missing_sessions[stale]" time="0.013" /><testcase classname="tests.test_ordinary_persistence" name="test_trend_grades_preserve_five_observations_but_weak_market_resets" time="0.013" /><testcase classname="tests.test_ordinary_trend_budget" name="test_maturity_admission_funds_group_seed_with_reserved_cash_and_correlation_cap" time="0.052" /><testcase classname="tests.test_ordinary_trend_budget" name="test_ordinary_partial_loses_common_permission_and_cannot_revive_after_strict_restart" time="0.063" /><testcase classname="tests.test_ordinary_trend_budget" name="test_reference_only_credible_name_cannot_supply_impulse_permission" time="0.014" /><testcase classname="tests.test_ordinary_trend_budget" name="test_real_consumed_repair_partial_cannot_use_mature_common_permission" time="0.160" /><testcase classname="tests.test_ordinary_trend_budget" name="test_current_impulse_is_nonpersistent_across_dates_and_strict_restart" time="0.011" /><testcase classname="tests.test_ordinary_trend_budget" name="test_missing_or_nonfinite_market_evidence_cannot_keep_confirmation[None]" time="0.016" /><testcase classname="tests.test_ordinary_trend_budget" name="test_missing_or_nonfinite_market_evidence_cannot_keep_confirmation[nan]" time="0.016" /><testcase classname="tests.test_ordinary_trend_budget" name="test_missing_or_nonfinite_market_evidence_cannot_keep_confirmation[inf]" time="0.016" /><testcase classname="tests.test_ordinary_trend_budget" name="test_freeze_preserves_true_market_observations_but_prevents_real_buy" time="0.037" /><testcase classname="tests.test_ordinary_trend_budget" name="test_sustained_market_cannot_accumulate_early_mature_entry_permission" time="0.010" /><testcase classname="tests.test_ordinary_cash_rearm" name="test_twentieth_healthy_session_funds_current_independent_core_without_strategic_grant" time="0.149" /><testcase classname="tests.test_ordinary_cash_rearm" name="test_nineteenth_healthy_session_cannot_fund_even_ready_independent_core" time="0.132" /><testcase classname="tests.test_ordinary_cash_rearm" name="test_ready_account_repair_never_substitutes_for_current_entry_or_risk_permission[current_quality]" time="0.139" /><testcase classname="tests.test_ordinary_cash_rearm" name="test_ready_account_repair_never_substitutes_for_current_entry_or_risk_permission[sentinel]" time="0.145" /><testcase classname="tests.test_ordinary_cash_rearm" name="test_ready_account_repair_never_substitutes_for_current_entry_or_risk_permission[shock]" time="0.164" /><testcase classname="tests.test_ordinary_cash_rearm" name="test_ready_account_repair_never_substitutes_for_current_entry_or_risk_permission[reference_gap]" time="0.137" /><testcase classname="tests.test_ordinary_cash_rearm" name="test_cancelled_ordinary_rearm_cannot_revive_saturated_repair_after_codec" time="0.210" /><testcase classname="tests.test_ordinary_cash_rearm" name="test_partial_ordinary_rearm_keeps_exact_order_and_unfilled_quantity_after_restart" time="0.171" /><testcase classname="tests.test_ordinary_cash_rearm" name="test_consumed_ordinary_authority_is_bound_to_actual_order_and_event" time="0.173" /><testcase classname="tests.test_ordinary_cash_rearm" name="test_partial_attempt_losing_current_quality_is_cancelled_without_reopening_capital" time="0.207" /><testcase classname="tests.test_ordinary_cash_rearm" name="test_proposal_without_native_reconciliation_does_not_consume_repair" time="0.135" /><testcase classname="tests.test_ordinary_cash_rearm" name="test_bound_order_reference_cannot_expand_or_change_ordinary_authority[oversize]" time="0.137" /><testcase classname="tests.test_ordinary_cash_rearm" name="test_bound_order_reference_cannot_expand_or_change_ordinary_authority[symbol]" time="0.139" /><testcase classname="tests.test_ordinary_cash_rearm" name="test_bound_order_reference_cannot_expand_or_change_ordinary_authority[lifecycle]" time="0.138" /><testcase classname="tests.test_ordinary_cash_rearm" name="test_bound_order_reference_cannot_expand_or_change_ordinary_authority[origin]" time="0.136" /><testcase classname="tests.test_ordinary_cash_rearm" name="test_bound_order_reference_cannot_expand_or_change_ordinary_authority[mechanism]" time="0.139" /><testcase classname="tests.test_ordinary_cash_rearm" name="test_bound_order_reference_cannot_expand_or_change_ordinary_authority[grant]" time="0.133" /><testcase classname="tests.test_ordinary_cash_rearm" name="test_codec_rejects_consumed_order_reference_without_matching_native_evidence[order_id]" time="0.136" /><testcase classname="tests.test_ordinary_cash_rearm" name="test_codec_rejects_consumed_order_reference_without_matching_native_evidence[event_id]" time="0.138" /><testcase classname="tests.test_ordinary_cash_rearm" name="test_codec_rejects_consumed_order_reference_without_matching_native_evidence[unspent]" time="0.136" /><testcase classname="tests.test_ordinary_cash_rearm" name="test_codec_rejects_consumed_order_reference_without_matching_native_evidence[oversize]" time="0.139" /><testcase classname="tests.test_ordinary_cash_rearm" name="test_current_decision_input_identity_is_required_for_ordinary_rearm[missing]" time="0.134" /><testcase classname="tests.test_ordinary_cash_rearm" name="test_current_decision_input_identity_is_required_for_ordinary_rearm[stale]" time="0.134" /><testcase classname="tests.test_ordinary_cash_rearm" name="test_sentinel_planning_copy_cannot_count_twentieth_repair_session" time="0.131" /><testcase classname="tests.test_ordinary_cash_rearm" name="test_sentinel_after_completed_native_ordinary_fill_keeps_repair_and_reference_consistent" time="0.143" /><testcase classname="tests.test_entry_price_repair" name="test_unrepaired_persistent_formation_keeps_existing_immature_cap" time="0.047" /><testcase classname="tests.test_entry_price_repair" name="test_mature_only_entry_requires_own_long_horizon_relative_leadership" time="0.010" /><testcase classname="tests.test_unified_core_book" name="test_nearly_funded_cohort_keeps_registered_buy_remainder_until_a_real_reduction[none]" time="0.002" /><testcase classname="tests.test_unified_core_book" name="test_nearly_funded_cohort_keeps_registered_buy_remainder_until_a_real_reduction[freeze]" time="0.002" /><testcase classname="tests.test_unified_core_book" name="test_nearly_funded_cohort_keeps_registered_buy_remainder_until_a_real_reduction[profit_lock]" time="0.002" /><testcase classname="tests.test_unified_core_book" name="test_nearly_funded_cohort_keeps_registered_buy_remainder_until_a_real_reduction[trailing_exit]" time="0.002" /><testcase classname="tests.test_unified_core_book" name="test_saved_strategic_restoration_permission_survives_same_decision_completion[none]" time="0.017" /><testcase classname="tests.test_unified_core_book" name="test_saved_strategic_restoration_permission_survives_same_decision_completion[sentinel]" time="0.010" /><testcase classname="tests.test_unified_core_book" name="test_saved_strategic_restoration_permission_survives_same_decision_completion[crisis]" time="0.009" /><testcase classname="tests.test_unified_core_book" name="test_retained_partial_core_intent_uses_current_quality_without_repeating_confirmation[ready-False]" time="0.006" /><testcase classname="tests.test_unified_core_book" name="test_retained_partial_core_intent_uses_current_quality_without_repeating_confirmation[ready-True]" time="0.006" /><testcase classname="tests.test_unified_core_book" name="test_retained_partial_core_intent_uses_current_quality_without_repeating_confirmation[routes_lost-False]" time="0.005" /><testcase classname="tests.test_unified_core_book" name="test_retained_partial_core_intent_uses_current_quality_without_repeating_confirmation[routes_lost-True]" time="0.005" /><testcase classname="tests.test_unified_core_book" name="test_retained_partial_core_intent_uses_current_quality_without_repeating_confirmation[not_mature-False]" time="0.005" /><testcase classname="tests.test_unified_core_book" name="test_retained_partial_core_intent_uses_current_quality_without_repeating_confirmation[not_mature-True]" time="0.005" /><testcase classname="tests.test_unified_core_book" name="test_retained_partial_core_intent_uses_current_quality_without_repeating_confirmation[missing_leader-False]" time="0.005" /><testcase classname="tests.test_unified_core_book" name="test_retained_partial_core_intent_uses_current_quality_without_repeating_confirmation[missing_leader-True]" time="0.006" /><testcase classname="tests.test_unified_core_book" name="test_retained_partial_core_intent_uses_current_quality_without_repeating_confirmation[missing_panel-False]" time="0.004" /><testcase classname="tests.test_unified_core_book" name="test_retained_partial_core_intent_uses_current_quality_without_repeating_confirmation[missing_panel-True]" time="0.004" /><testcase classname="tests.test_unified_core_book" name="test_retained_partial_core_intent_uses_current_quality_without_repeating_confirmation[missing_session-False]" time="0.005" /><testcase classname="tests.test_unified_core_book" name="test_retained_partial_core_intent_uses_current_quality_without_repeating_confirmation[missing_session-True]" time="0.005" /><testcase classname="tests.test_unified_core_book" name="test_fully_exited_ordinary_restore_rights_require_a_new_core_admission[False]" time="0.005" /><testcase classname="tests.test_unified_core_book" name="test_fully_exited_ordinary_restore_rights_require_a_new_core_admission[True]" time="0.006" /><testcase classname="tests.test_unified_core_book" name="test_partial_core_quality_controls_pending_orders_after_restart[rejected_below_target]" time="0.013" /><testcase classname="tests.test_unified_core_book" name="test_partial_core_quality_controls_pending_orders_after_restart[rejected_after_price_drift]" time="0.012" /><testcase classname="tests.test_unified_core_book" name="test_partial_core_quality_controls_pending_orders_after_restart[strict_quality_lost]" time="0.012" /><testcase classname="tests.test_unified_core_book" name="test_partial_core_quality_controls_pending_orders_after_restart[ready_after_price_drift]" time="0.010" /><testcase classname="tests.test_unified_core_book" name="test_confirmed_new_core_uses_spare_capital_without_trimming_incumbent" time="0.010" /><testcase classname="tests.test_unified_core_book" name="test_new_core_cannot_spend_frozen_reserved_or_unproven_capital[freeze]" time="0.007" /><testcase classname="tests.test_unified_core_book" name="test_new_core_cannot_spend_frozen_reserved_or_unproven_capital[reserved]" time="0.010" /><testcase classname="tests.test_unified_core_book" name="test_new_core_cannot_spend_frozen_reserved_or_unproven_capital[missing_correlation]" time="0.005" /><testcase classname="tests.test_unified_core_book" name="test_strategic_exit_does_not_close_an_unrelated_ordinary_holding" time="0.005" /><testcase classname="tests.test_unified_core_book" name="test_correlated_increment_is_capped_against_incumbent_exposure" time="0.003" /><testcase classname="tests.test_unified_core_book" name="test_strategic_increase_cannot_take_an_ordinary_incumbents_capital[0.3]" time="0.007" /><testcase classname="tests.test_unified_core_book" name="test_strategic_increase_cannot_take_an_ordinary_incumbents_capital[0.6]" time="0.006" /><testcase classname="tests.test_unified_core_book" name="test_confirmed_transfer_reduces_saved_rights_without_creating_cash" time="0.005" /><testcase classname="tests.test_unified_core_book" name="test_strategic_grace_cannot_hide_an_unrelated_positions_damage" time="0.000" /><testcase classname="tests.test_unified_core_book" name="test_transfer_requires_consecutive_sessions_and_same_day_is_idempotent" time="0.004" /><testcase classname="tests.test_unified_core_book" name="test_partial_core_retry_keeps_one_order_and_event_after_restart" time="0.011" /><testcase classname="tests.test_unified_core_book" name="test_partial_ordinary_restore_survives_restart_without_new_entry_qualification" time="0.020" /><testcase classname="tests.test_unified_core_book" name="test_ordinary_restore_keeps_continuous_holding_after_fifo_retires_original_lots" time="0.015" /><testcase classname="tests.test_unified_core_book" name="test_order_planning_explains_a_real_no_trade_band_without_changing_intents" time="0.000" /><testcase classname="tests.test_unified_core_book" name="test_binding_budget_reduction_cannot_retain_a_larger_pending_buy[False]" time="0.000" /><testcase classname="tests.test_unified_core_book" name="test_binding_budget_reduction_cannot_retain_a_larger_pending_buy[True]" time="0.000" /></testsuite></testsuites>