<?xml version="1.0" encoding="utf-8"?><testsuites name="pytest tests"><testsuite name="pytest" errors="0" failures="0" skipped="0" tests="49" time="4.922" timestamp="2026-09-15T10:14:06.047456+00:00" hostname="localhost"><testcase classname="tests.test_stock_confirmation_ablation" name="test_own_confirmed_leader_does_not_wait_for_market_cycle" time="0.019" /><testcase classname="tests.test_stock_confirmation_ablation" name="test_own_confirmation_does_not_replace_required_stock_and_repair_proof[stale]" time="0.012" /><testcase classname="tests.test_stock_confirmation_ablation" name="test_own_confirmation_does_not_replace_required_stock_and_repair_proof[gap]" time="0.013" /><testcase classname="tests.test_stock_confirmation_ablation" name="test_own_confirmation_does_not_replace_required_stock_and_repair_proof[relative]" time="0.014" /><testcase classname="tests.test_stock_confirmation_ablation" name="test_own_confirmation_does_not_replace_required_stock_and_repair_proof[sector_rearm]" time="0.013" /><testcase classname="tests.test_stock_confirmation_ablation" name="test_own_confirmation_does_not_replace_required_stock_and_repair_proof[immature]" time="0.012" /><testcase classname="tests.test_stock_confirmation_ablation" name="test_stock_confirmation_cannot_authorize_frozen_capital" time="0.049" /><testcase classname="tests.test_ordinary_persistence" name="test_persistent_reference_evidence_still_needs_own_five_current_observations" time="0.016" /><testcase classname="tests.test_ordinary_persistence" name="test_market_persistence_resets_on_invalid_or_missing_sessions[freeze]" time="0.012" /><testcase classname="tests.test_ordinary_persistence" name="test_market_persistence_resets_on_invalid_or_missing_sessions[witness]" time="0.012" /><testcase classname="tests.test_ordinary_persistence" name="test_market_persistence_resets_on_invalid_or_missing_sessions[missing]" time="0.012" /><testcase classname="tests.test_ordinary_persistence" name="test_market_persistence_resets_on_invalid_or_missing_sessions[gap]" time="0.012" /><testcase classname="tests.test_ordinary_persistence" name="test_market_persistence_resets_on_invalid_or_missing_sessions[stale]" time="0.013" /><testcase classname="tests.test_ordinary_persistence" name="test_trend_grades_preserve_five_observations_but_weak_market_resets" time="0.013" /><testcase classname="tests.test_ordinary_trend_budget" name="test_maturity_admission_funds_group_seed_with_reserved_cash_and_correlation_cap" time="0.045" /><testcase classname="tests.test_ordinary_trend_budget" name="test_ordinary_partial_loses_common_permission_and_cannot_revive_after_strict_restart" time="0.061" /><testcase classname="tests.test_ordinary_trend_budget" name="test_reference_only_credible_name_cannot_supply_impulse_permission" time="0.014" /><testcase classname="tests.test_ordinary_trend_budget" name="test_real_consumed_repair_partial_cannot_use_mature_common_permission" time="0.150" /><testcase classname="tests.test_ordinary_trend_budget" name="test_current_impulse_is_nonpersistent_across_dates_and_strict_restart" time="0.011" /><testcase classname="tests.test_ordinary_trend_budget" name="test_missing_or_nonfinite_market_evidence_cannot_keep_confirmation[None]" time="0.017" /><testcase classname="tests.test_ordinary_trend_budget" name="test_missing_or_nonfinite_market_evidence_cannot_keep_confirmation[nan]" time="0.017" /><testcase classname="tests.test_ordinary_trend_budget" name="test_missing_or_nonfinite_market_evidence_cannot_keep_confirmation[inf]" time="0.016" /><testcase classname="tests.test_ordinary_trend_budget" name="test_freeze_preserves_true_market_observations_but_prevents_real_buy" time="0.030" /><testcase classname="tests.test_ordinary_trend_budget" name="test_sustained_market_cannot_accumulate_early_mature_entry_permission" time="0.009" /><testcase classname="tests.test_ordinary_cash_rearm" name="test_twentieth_healthy_session_funds_current_independent_core_without_strategic_grant" time="0.135" /><testcase classname="tests.test_ordinary_cash_rearm" name="test_nineteenth_healthy_session_cannot_fund_even_ready_independent_core" time="0.130" /><testcase classname="tests.test_ordinary_cash_rearm" name="test_ready_account_repair_never_substitutes_for_current_entry_or_risk_permission[current_quality]" time="0.131" /><testcase classname="tests.test_ordinary_cash_rearm" name="test_ready_account_repair_never_substitutes_for_current_entry_or_risk_permission[sentinel]" time="0.139" /><testcase classname="tests.test_ordinary_cash_rearm" name="test_ready_account_repair_never_substitutes_for_current_entry_or_risk_permission[shock]" time="0.133" /><testcase classname="tests.test_ordinary_cash_rearm" name="test_ready_account_repair_never_substitutes_for_current_entry_or_risk_permission[reference_gap]" time="0.131" /><testcase classname="tests.test_ordinary_cash_rearm" name="test_cancelled_ordinary_rearm_cannot_revive_saturated_repair_after_codec" time="0.225" /><testcase classname="tests.test_ordinary_cash_rearm" name="test_partial_ordinary_rearm_keeps_exact_order_and_unfilled_quantity_after_restart" time="0.156" /><testcase classname="tests.test_ordinary_cash_rearm" name="test_consumed_ordinary_authority_is_bound_to_actual_order_and_event" time="0.135" /><testcase classname="tests.test_ordinary_cash_rearm" name="test_partial_attempt_losing_current_quality_is_cancelled_without_reopening_capital" time="0.199" /><testcase classname="tests.test_ordinary_cash_rearm" name="test_proposal_without_native_reconciliation_does_not_consume_repair" time="0.138" /><testcase classname="tests.test_ordinary_cash_rearm" name="test_bound_order_reference_cannot_expand_or_change_ordinary_authority[oversize]" time="0.133" /><testcase classname="tests.test_ordinary_cash_rearm" name="test_bound_order_reference_cannot_expand_or_change_ordinary_authority[symbol]" time="0.134" /><testcase classname="tests.test_ordinary_cash_rearm" name="test_bound_order_reference_cannot_expand_or_change_ordinary_authority[lifecycle]" time="0.135" /><testcase classname="tests.test_ordinary_cash_rearm" name="test_bound_order_reference_cannot_expand_or_change_ordinary_authority[origin]" time="0.137" /><testcase classname="tests.test_ordinary_cash_rearm" name="test_bound_order_reference_cannot_expand_or_change_ordinary_authority[mechanism]" time="0.132" /><testcase classname="tests.test_ordinary_cash_rearm" name="test_bound_order_reference_cannot_expand_or_change_ordinary_authority[grant]" time="0.132" /><testcase classname="tests.test_ordinary_cash_rearm" name="test_codec_rejects_consumed_order_reference_without_matching_native_evidence[order_id]" time="0.136" /><testcase classname="tests.test_ordinary_cash_rearm" name="test_codec_rejects_consumed_order_reference_without_matching_native_evidence[event_id]" time="0.139" /><testcase classname="tests.test_ordinary_cash_rearm" name="test_codec_rejects_consumed_order_reference_without_matching_native_evidence[unspent]" time="0.134" /><testcase classname="tests.test_ordinary_cash_rearm" name="test_codec_rejects_consumed_order_reference_without_matching_native_evidence[oversize]" time="0.136" /><testcase classname="tests.test_ordinary_cash_rearm" name="test_current_decision_input_identity_is_required_for_ordinary_rearm[missing]" time="0.129" /><testcase classname="tests.test_ordinary_cash_rearm" name="test_current_decision_input_identity_is_required_for_ordinary_rearm[stale]" time="0.129" /><testcase classname="tests.test_ordinary_cash_rearm" name="test_sentinel_planning_copy_cannot_count_twentieth_repair_session" time="0.132" /><testcase classname="tests.test_ordinary_cash_rearm" name="test_sentinel_after_completed_native_ordinary_fill_keeps_repair_and_reference_consistent" time="0.140" /></testsuite></testsuites>