<?xml version="1.0" encoding="utf-8"?><testsuites name="pytest tests"><testsuite name="pytest" errors="0" failures="0" skipped="0" tests="77" time="2.767" timestamp="2026-09-15T09:32:56.302658+00:00" hostname="localhost"><testcase classname="tests.test_core_transfer_capacity" name="test_full_book_transfer_requires_complete_incumbent_exit[20000-True]" time="0.021" /><testcase classname="tests.test_core_transfer_capacity" name="test_full_book_transfer_requires_complete_incumbent_exit[40000-False]" time="0.011" /><testcase classname="tests.test_core_transfer_feasibility" name="test_unfundable_or_unexecutable_transfer_preserves_incumbent_rights_and_rotation_quota[cash_shortfall]" time="0.011" /><testcase classname="tests.test_core_transfer_feasibility" name="test_unfundable_or_unexecutable_transfer_preserves_incumbent_rights_and_rotation_quota[industry_limit]" time="0.012" /><testcase classname="tests.test_core_transfer_feasibility" name="test_unfundable_or_unexecutable_transfer_preserves_incumbent_rights_and_rotation_quota[correlation_limit]" time="0.011" /><testcase classname="tests.test_core_transfer_feasibility" name="test_unfundable_or_unexecutable_transfer_preserves_incumbent_rights_and_rotation_quota[missing_correlation]" time="0.011" /><testcase classname="tests.test_core_transfer_feasibility" name="test_unfundable_or_unexecutable_transfer_preserves_incumbent_rights_and_rotation_quota[below_trade_minimum]" time="0.012" /><testcase classname="tests.test_core_transfer_feasibility" name="test_unfundable_or_unexecutable_transfer_preserves_incumbent_rights_and_rotation_quota[held_too_briefly]" time="0.010" /><testcase classname="tests.test_core_transfer_feasibility" name="test_feasible_transfer_funds_challenger_only_after_actual_sell_settlement" time="0.028" /><testcase classname="tests.test_core_transfer_feasibility" name="test_existing_lifecycle_exit_is_not_relabelled_or_spent_as_a_new_rotation[False]" time="0.009" /><testcase classname="tests.test_core_transfer_feasibility" name="test_existing_lifecycle_exit_is_not_relabelled_or_spent_as_a_new_rotation[True]" time="0.009" /><testcase classname="tests.test_core_transfer_attribution" name="test_unsettled_rotation_cannot_label_a_buy_funded_by_another_sell[rejected]" time="0.025" /><testcase classname="tests.test_core_transfer_attribution" name="test_unsettled_rotation_cannot_label_a_buy_funded_by_another_sell[intent_only]" time="0.021" /><testcase classname="tests.test_core_transfer_attribution" name="test_unsettled_rotation_cannot_label_a_buy_funded_by_another_sell[open_unfilled]" time="0.021" /><testcase classname="tests.test_core_transfer_attribution" name="test_unsettled_rotation_cannot_label_a_buy_funded_by_another_sell[cancelled]" time="0.021" /><testcase classname="tests.test_core_transfer_attribution" name="test_settled_rotation_sell_preserves_matching_buy_attribution" time="0.020" /><testcase classname="tests.test_core_transfer_attribution" name="test_settled_rotation_survives_a_later_rejected_transfer_observation[False-0.7]" time="0.029" /><testcase classname="tests.test_core_transfer_attribution" name="test_settled_rotation_survives_a_later_rejected_transfer_observation[True-0.7]" time="0.030" /><testcase classname="tests.test_unified_core_book" name="test_nearly_funded_cohort_keeps_registered_buy_remainder_until_a_real_reduction[none]" time="0.002" /><testcase classname="tests.test_unified_core_book" name="test_nearly_funded_cohort_keeps_registered_buy_remainder_until_a_real_reduction[freeze]" time="0.002" /><testcase classname="tests.test_unified_core_book" name="test_nearly_funded_cohort_keeps_registered_buy_remainder_until_a_real_reduction[profit_lock]" time="0.002" /><testcase classname="tests.test_unified_core_book" name="test_nearly_funded_cohort_keeps_registered_buy_remainder_until_a_real_reduction[trailing_exit]" time="0.002" /><testcase classname="tests.test_unified_core_book" name="test_saved_strategic_restoration_permission_survives_same_decision_completion[none]" time="0.016" /><testcase classname="tests.test_unified_core_book" name="test_saved_strategic_restoration_permission_survives_same_decision_completion[sentinel]" time="0.010" /><testcase classname="tests.test_unified_core_book" name="test_saved_strategic_restoration_permission_survives_same_decision_completion[crisis]" time="0.009" /><testcase classname="tests.test_unified_core_book" name="test_retained_partial_core_intent_uses_current_quality_without_repeating_confirmation[ready-False]" time="0.006" /><testcase classname="tests.test_unified_core_book" name="test_retained_partial_core_intent_uses_current_quality_without_repeating_confirmation[ready-True]" time="0.006" /><testcase classname="tests.test_unified_core_book" name="test_retained_partial_core_intent_uses_current_quality_without_repeating_confirmation[routes_lost-False]" time="0.005" /><testcase classname="tests.test_unified_core_book" name="test_retained_partial_core_intent_uses_current_quality_without_repeating_confirmation[routes_lost-True]" time="0.005" /><testcase classname="tests.test_unified_core_book" name="test_retained_partial_core_intent_uses_current_quality_without_repeating_confirmation[not_mature-False]" time="0.005" /><testcase classname="tests.test_unified_core_book" name="test_retained_partial_core_intent_uses_current_quality_without_repeating_confirmation[not_mature-True]" time="0.005" /><testcase classname="tests.test_unified_core_book" name="test_retained_partial_core_intent_uses_current_quality_without_repeating_confirmation[missing_leader-False]" time="0.005" /><testcase classname="tests.test_unified_core_book" name="test_retained_partial_core_intent_uses_current_quality_without_repeating_confirmation[missing_leader-True]" time="0.005" /><testcase classname="tests.test_unified_core_book" name="test_retained_partial_core_intent_uses_current_quality_without_repeating_confirmation[missing_panel-False]" time="0.004" /><testcase classname="tests.test_unified_core_book" name="test_retained_partial_core_intent_uses_current_quality_without_repeating_confirmation[missing_panel-True]" time="0.004" /><testcase classname="tests.test_unified_core_book" name="test_retained_partial_core_intent_uses_current_quality_without_repeating_confirmation[missing_session-False]" time="0.005" /><testcase classname="tests.test_unified_core_book" name="test_retained_partial_core_intent_uses_current_quality_without_repeating_confirmation[missing_session-True]" time="0.005" /><testcase classname="tests.test_unified_core_book" name="test_fully_exited_ordinary_restore_rights_require_a_new_core_admission[False]" time="0.005" /><testcase classname="tests.test_unified_core_book" name="test_fully_exited_ordinary_restore_rights_require_a_new_core_admission[True]" time="0.006" /><testcase classname="tests.test_unified_core_book" name="test_partial_core_quality_controls_pending_orders_after_restart[rejected_below_target]" time="0.015" /><testcase classname="tests.test_unified_core_book" name="test_partial_core_quality_controls_pending_orders_after_restart[rejected_after_price_drift]" time="0.012" /><testcase classname="tests.test_unified_core_book" name="test_partial_core_quality_controls_pending_orders_after_restart[strict_quality_lost]" time="0.012" /><testcase classname="tests.test_unified_core_book" name="test_partial_core_quality_controls_pending_orders_after_restart[ready_after_price_drift]" time="0.010" /><testcase classname="tests.test_unified_core_book" name="test_confirmed_new_core_uses_spare_capital_without_trimming_incumbent" time="0.012" /><testcase classname="tests.test_unified_core_book" name="test_new_core_cannot_spend_frozen_reserved_or_unproven_capital[freeze]" time="0.007" /><testcase classname="tests.test_unified_core_book" name="test_new_core_cannot_spend_frozen_reserved_or_unproven_capital[reserved]" time="0.011" /><testcase classname="tests.test_unified_core_book" name="test_new_core_cannot_spend_frozen_reserved_or_unproven_capital[missing_correlation]" time="0.005" /><testcase classname="tests.test_unified_core_book" name="test_strategic_exit_does_not_close_an_unrelated_ordinary_holding" time="0.005" /><testcase classname="tests.test_unified_core_book" name="test_correlated_increment_is_capped_against_incumbent_exposure" time="0.003" /><testcase classname="tests.test_unified_core_book" name="test_strategic_increase_cannot_take_an_ordinary_incumbents_capital[0.3]" time="0.006" /><testcase classname="tests.test_unified_core_book" name="test_strategic_increase_cannot_take_an_ordinary_incumbents_capital[0.6]" time="0.006" /><testcase classname="tests.test_unified_core_book" name="test_confirmed_transfer_reduces_saved_rights_without_creating_cash" time="0.005" /><testcase classname="tests.test_unified_core_book" name="test_strategic_grace_cannot_hide_an_unrelated_positions_damage" time="0.000" /><testcase classname="tests.test_unified_core_book" name="test_transfer_requires_consecutive_sessions_and_same_day_is_idempotent" time="0.004" /><testcase classname="tests.test_unified_core_book" name="test_partial_core_retry_keeps_one_order_and_event_after_restart" time="0.010" /><testcase classname="tests.test_unified_core_book" name="test_partial_ordinary_restore_survives_restart_without_new_entry_qualification" time="0.019" /><testcase classname="tests.test_unified_core_book" name="test_ordinary_restore_keeps_continuous_holding_after_fifo_retires_original_lots" time="0.014" /><testcase classname="tests.test_unified_core_book" name="test_order_planning_explains_a_real_no_trade_band_without_changing_intents" time="0.000" /><testcase classname="tests.test_unified_core_book" name="test_binding_budget_reduction_cannot_retain_a_larger_pending_buy[False]" time="0.000" /><testcase classname="tests.test_unified_core_book" name="test_binding_budget_reduction_cannot_retain_a_larger_pending_buy[True]" time="0.000" /><testcase classname="tests.test_single_immature_core" name="test_real_shared_qualification_selects_only_highest_rank_immature_core" time="0.085" /><testcase classname="tests.test_single_immature_core" name="test_partial_price_drift_and_restart_keep_early_slot_occupied" time="0.127" /><testcase classname="tests.test_single_immature_core" name="test_actual_pending_buy_reserves_early_slot_before_first_fill" time="0.094" /><testcase classname="tests.test_single_immature_core" name="test_current_maturity_frees_early_slot_without_selling_old_holding" time="0.092" /><testcase classname="tests.test_single_immature_core" name="test_mature_candidates_are_not_limited_by_the_early_slot" time="0.096" /><testcase classname="tests.test_single_immature_core" name="test_real_full_exit_releases_early_slot_for_new_qualified_candidate" time="0.134" /><testcase classname="tests.test_single_immature_core" name="test_missing_current_leader_does_not_release_existing_early_inventory" time="0.093" /><testcase classname="tests.test_core_residual_capital" name="test_native_residual_admission_preserves_healthy_holdings[none]" time="0.018" /><testcase classname="tests.test_core_residual_capital" name="test_native_residual_admission_preserves_healthy_holdings[below_minimum]" time="0.015" /><testcase classname="tests.test_core_residual_capital" name="test_native_residual_admission_preserves_healthy_holdings[freeze]" time="0.012" /><testcase classname="tests.test_core_residual_capital" name="test_native_residual_admission_preserves_healthy_holdings[ineligible]" time="0.011" /><testcase classname="tests.architecture.test_current_allocation_book" name="test_moved_book_rejects_authority_mutations[uquant/portfolio/allocation_book.py-min(self.policy.cfg.max_gross, self.risk.target_gross_cap)-self.policy.cfg.max_gross]" time="0.208" /><testcase classname="tests.architecture.test_current_allocation_book" name="test_moved_book_rejects_authority_mutations[uquant/portfolio/allocation_book.py-gross_cap=self.gross_cap,-gross_cap=1.0,]" time="0.169" /><testcase classname="tests.architecture.test_current_allocation_book" name="test_moved_book_rejects_authority_mutations[uquant/portfolio/allocation_book.py-self.cash_room -= max(0.0, increment - reserved)-self.account.cash -= max(0.0, increment - reserved)]" time="0.197" /><testcase classname="tests.architecture.test_current_allocation_book" name="test_moved_book_rejects_authority_mutations[uquant/portfolio/pipeline.py-from .allocation_book import AllocationBook-from .capital import AllocationBook]" time="0.116" /><testcase classname="tests.architecture.test_current_allocation_book" name="test_moved_book_rejects_authority_mutations[uquant/portfolio/pipeline.py-owned, strategic_targets, proposed, committed, cash_room)-owned, strategic_targets, proposed, committed, 1.0)]" time="0.132" /><testcase classname="tests.architecture.test_current_allocation_book" name="test_current_book_topology_passes" time="0.206" /></testsuite></testsuites>