<?xml version="1.0" encoding="utf-8"?><testsuites name="pytest tests"><testsuite name="pytest" errors="0" failures="0" skipped="0" tests="70" time="1.178" timestamp="2026-09-15T10:44:15.761482+00:00" hostname="localhost"><testcase classname="tests.test_resolved_recovery_permission" name="test_resolved_recovery_uses_existing_rights_and_cap_despite_raw_votes[None]" time="0.015" /><testcase classname="tests.test_resolved_recovery_permission" name="test_resolved_recovery_uses_existing_rights_and_cap_despite_raw_votes[sentinel]" time="0.014" /><testcase classname="tests.test_resolved_recovery_permission" name="test_resolved_recovery_uses_existing_rights_and_cap_despite_raw_votes[damage]" time="0.011" /><testcase classname="tests.test_resolved_recovery_permission" name="test_resolved_recovery_uses_existing_rights_and_cap_despite_raw_votes[crisis]" time="0.015" /><testcase classname="tests.test_resolved_recovery_permission" name="test_resolved_recovery_uses_existing_rights_and_cap_despite_raw_votes[unconfirmed]" time="0.011" /><testcase classname="tests.test_resolved_recovery_permission" name="test_resolved_recovery_uses_existing_rights_and_cap_despite_raw_votes[hard-reduction]" time="0.012" /><testcase classname="tests.test_resolved_recovery_permission" name="test_resolved_recovery_uses_existing_rights_and_cap_despite_raw_votes[unresolved]" time="0.012" /><testcase classname="tests.test_core_bounded_risk_restoration" name="test_existing_bounded_repair_restores_continuous_core_within_risk_cap[protected-level1]" time="0.019" /><testcase classname="tests.test_core_bounded_risk_restoration" name="test_existing_bounded_repair_restores_continuous_core_within_risk_cap[level1-two-days]" time="0.020" /><testcase classname="tests.test_core_bounded_risk_restoration" name="test_existing_bounded_repair_restores_continuous_core_within_risk_cap[chronic-two-days]" time="0.017" /><testcase classname="tests.test_core_bounded_risk_restoration" name="test_existing_bounded_repair_restores_continuous_core_within_risk_cap[synchronized]" time="0.019" /><testcase classname="tests.test_core_bounded_risk_restoration" name="test_bounded_repair_does_not_override_missing_authority[risk-shock]" time="0.016" /><testcase classname="tests.test_core_bounded_risk_restoration" name="test_bounded_repair_does_not_override_missing_authority[shock-date]" time="0.016" /><testcase classname="tests.test_core_bounded_risk_restoration" name="test_bounded_repair_does_not_override_missing_authority[repair-streak]" time="0.018" /><testcase classname="tests.test_core_bounded_risk_restoration" name="test_bounded_repair_does_not_override_missing_authority[capital-level]" time="0.022" /><testcase classname="tests.test_core_bounded_risk_restoration" name="test_bounded_repair_does_not_override_missing_authority[chronic-streak]" time="0.020" /><testcase classname="tests.test_core_bounded_risk_restoration" name="test_bounded_repair_does_not_override_missing_authority[high-votes]" time="0.020" /><testcase classname="tests.test_core_bounded_risk_restoration" name="test_bounded_repair_does_not_override_missing_authority[transition-repair]" time="0.016" /><testcase classname="tests.test_core_bounded_risk_restoration" name="test_bounded_repair_does_not_override_missing_authority[hard-reduction]" time="0.017" /><testcase classname="tests.test_core_bounded_risk_restoration" name="test_bounded_repair_does_not_override_missing_authority[sentinel-freeze]" time="0.016" /><testcase classname="tests.test_core_bounded_risk_restoration" name="test_bounded_repair_does_not_override_missing_authority[structure]" time="0.016" /><testcase classname="tests.test_core_bounded_risk_restoration" name="test_bounded_repair_does_not_override_missing_authority[stale-shock-before-entry]" time="0.015" /><testcase classname="tests.test_core_bounded_risk_restoration" name="test_bounded_repair_does_not_override_missing_authority[rejected-ordinary-pending]" time="0.016" /><testcase classname="tests.test_core_bounded_risk_restoration" name="test_flat_or_reentered_holding_cannot_reuse_bounded_restore[flat]" time="0.011" /><testcase classname="tests.test_core_bounded_risk_restoration" name="test_flat_or_reentered_holding_cannot_reuse_bounded_restore[reentered-after-shock]" time="0.012" /><testcase classname="tests.test_core_bounded_risk_restoration" name="test_sentinel_planning_copy_cannot_revive_rejected_buy_after_restart" time="0.017" /><testcase classname="tests.test_core_bounded_risk_restoration" name="test_locked_history_neither_vetoes_continuous_holding_nor_rebuys_flat_member[mixed-without-breadth]" time="0.023" /><testcase classname="tests.test_core_bounded_risk_restoration" name="test_locked_history_neither_vetoes_continuous_holding_nor_rebuys_flat_member[homogeneous]" time="0.026" /><testcase classname="tests.test_unified_core_book" name="test_nearly_funded_cohort_keeps_registered_buy_remainder_until_a_real_reduction[none]" time="0.002" /><testcase classname="tests.test_unified_core_book" name="test_nearly_funded_cohort_keeps_registered_buy_remainder_until_a_real_reduction[freeze]" time="0.002" /><testcase classname="tests.test_unified_core_book" name="test_nearly_funded_cohort_keeps_registered_buy_remainder_until_a_real_reduction[profit_lock]" time="0.002" /><testcase classname="tests.test_unified_core_book" name="test_nearly_funded_cohort_keeps_registered_buy_remainder_until_a_real_reduction[trailing_exit]" time="0.002" /><testcase classname="tests.test_unified_core_book" name="test_saved_strategic_restoration_permission_survives_same_decision_completion[none]" time="0.017" /><testcase classname="tests.test_unified_core_book" name="test_saved_strategic_restoration_permission_survives_same_decision_completion[sentinel]" time="0.010" /><testcase classname="tests.test_unified_core_book" name="test_saved_strategic_restoration_permission_survives_same_decision_completion[crisis]" time="0.008" /><testcase classname="tests.test_unified_core_book" name="test_retained_partial_core_intent_uses_current_quality_without_repeating_confirmation[ready-False]" time="0.006" /><testcase classname="tests.test_unified_core_book" name="test_retained_partial_core_intent_uses_current_quality_without_repeating_confirmation[ready-True]" time="0.006" /><testcase classname="tests.test_unified_core_book" name="test_retained_partial_core_intent_uses_current_quality_without_repeating_confirmation[routes_lost-False]" time="0.005" /><testcase classname="tests.test_unified_core_book" name="test_retained_partial_core_intent_uses_current_quality_without_repeating_confirmation[routes_lost-True]" time="0.005" /><testcase classname="tests.test_unified_core_book" name="test_retained_partial_core_intent_uses_current_quality_without_repeating_confirmation[not_mature-False]" time="0.005" /><testcase classname="tests.test_unified_core_book" name="test_retained_partial_core_intent_uses_current_quality_without_repeating_confirmation[not_mature-True]" time="0.005" /><testcase classname="tests.test_unified_core_book" name="test_retained_partial_core_intent_uses_current_quality_without_repeating_confirmation[missing_leader-False]" time="0.005" /><testcase classname="tests.test_unified_core_book" name="test_retained_partial_core_intent_uses_current_quality_without_repeating_confirmation[missing_leader-True]" time="0.005" /><testcase classname="tests.test_unified_core_book" name="test_retained_partial_core_intent_uses_current_quality_without_repeating_confirmation[missing_panel-False]" time="0.004" /><testcase classname="tests.test_unified_core_book" name="test_retained_partial_core_intent_uses_current_quality_without_repeating_confirmation[missing_panel-True]" time="0.004" /><testcase classname="tests.test_unified_core_book" name="test_retained_partial_core_intent_uses_current_quality_without_repeating_confirmation[missing_session-False]" time="0.005" /><testcase classname="tests.test_unified_core_book" name="test_retained_partial_core_intent_uses_current_quality_without_repeating_confirmation[missing_session-True]" time="0.005" /><testcase classname="tests.test_unified_core_book" name="test_fully_exited_ordinary_restore_rights_require_a_new_core_admission[False]" time="0.005" /><testcase classname="tests.test_unified_core_book" name="test_fully_exited_ordinary_restore_rights_require_a_new_core_admission[True]" time="0.007" /><testcase classname="tests.test_unified_core_book" name="test_partial_core_quality_controls_pending_orders_after_restart[rejected_below_target]" time="0.015" /><testcase classname="tests.test_unified_core_book" name="test_partial_core_quality_controls_pending_orders_after_restart[rejected_after_price_drift]" time="0.013" /><testcase classname="tests.test_unified_core_book" name="test_partial_core_quality_controls_pending_orders_after_restart[strict_quality_lost]" time="0.014" /><testcase classname="tests.test_unified_core_book" name="test_partial_core_quality_controls_pending_orders_after_restart[ready_after_price_drift]" time="0.010" /><testcase classname="tests.test_unified_core_book" name="test_confirmed_new_core_uses_spare_capital_without_trimming_incumbent" time="0.011" /><testcase classname="tests.test_unified_core_book" name="test_new_core_cannot_spend_frozen_reserved_or_unproven_capital[freeze]" time="0.006" /><testcase classname="tests.test_unified_core_book" name="test_new_core_cannot_spend_frozen_reserved_or_unproven_capital[reserved]" time="0.010" /><testcase classname="tests.test_unified_core_book" name="test_new_core_cannot_spend_frozen_reserved_or_unproven_capital[missing_correlation]" time="0.005" /><testcase classname="tests.test_unified_core_book" name="test_strategic_exit_does_not_close_an_unrelated_ordinary_holding" time="0.005" /><testcase classname="tests.test_unified_core_book" name="test_correlated_increment_is_capped_against_incumbent_exposure" time="0.003" /><testcase classname="tests.test_unified_core_book" name="test_strategic_increase_cannot_take_an_ordinary_incumbents_capital[0.3]" time="0.007" /><testcase classname="tests.test_unified_core_book" name="test_strategic_increase_cannot_take_an_ordinary_incumbents_capital[0.6]" time="0.006" /><testcase classname="tests.test_unified_core_book" name="test_confirmed_transfer_reduces_saved_rights_without_creating_cash" time="0.005" /><testcase classname="tests.test_unified_core_book" name="test_strategic_grace_cannot_hide_an_unrelated_positions_damage" time="0.000" /><testcase classname="tests.test_unified_core_book" name="test_transfer_requires_consecutive_sessions_and_same_day_is_idempotent" time="0.004" /><testcase classname="tests.test_unified_core_book" name="test_partial_core_retry_keeps_one_order_and_event_after_restart" time="0.010" /><testcase classname="tests.test_unified_core_book" name="test_partial_ordinary_restore_survives_restart_without_new_entry_qualification" time="0.020" /><testcase classname="tests.test_unified_core_book" name="test_ordinary_restore_keeps_continuous_holding_after_fifo_retires_original_lots" time="0.014" /><testcase classname="tests.test_unified_core_book" name="test_order_planning_explains_a_real_no_trade_band_without_changing_intents" time="0.000" /><testcase classname="tests.test_unified_core_book" name="test_binding_budget_reduction_cannot_retain_a_larger_pending_buy[False]" time="0.001" /><testcase classname="tests.test_unified_core_book" name="test_binding_budget_reduction_cannot_retain_a_larger_pending_buy[True]" time="0.001" /></testsuite></testsuites>