<?xml version="1.0" encoding="utf-8"?><testsuites name="pytest tests"><testsuite name="pytest" errors="0" failures="0" skipped="0" tests="46" time="1.717" timestamp="2026-09-15T14:33:06.161811+00:00" hostname="localhost"><testcase classname="tests.test_capital_normalization" name="test_underwater_capital_tiers_repair_only_on_distinct_healthy_sessions" time="0.002" /><testcase classname="tests.test_capital_reentry" name="test_five_healthy_sessions_reopen_cash_and_release_one_tier_without_erasing_loss[True]" time="0.114" /><testcase classname="tests.test_capital_reentry" name="test_five_healthy_sessions_reopen_cash_and_release_one_tier_without_erasing_loss[False]" time="0.114" /><testcase classname="tests.test_capital_reentry" name="test_production_path_without_context_still_requires_current_reference_inputs[missing-session]" time="0.073" /><testcase classname="tests.test_capital_reentry" name="test_production_path_without_context_still_requires_current_reference_inputs[nonfinite-reference]" time="0.090" /><testcase classname="tests.test_capital_reentry" name="test_duplicate_scans_and_same_day_missing_inputs_cannot_advance_reentry" time="0.305" /><testcase classname="tests.test_capital_reentry" name="test_interrupted_or_damaged_repair_keeps_new_capital_frozen[skipped-session]" time="0.073" /><testcase classname="tests.test_capital_reentry" name="test_interrupted_or_damaged_repair_keeps_new_capital_frozen[reference-coverage]" time="0.073" /><testcase classname="tests.test_capital_reentry" name="test_interrupted_or_damaged_repair_keeps_new_capital_frozen[nonfinite-input]" time="0.077" /><testcase classname="tests.test_capital_reentry" name="test_live_chronic_damage_retains_its_independent_capital_freeze" time="0.077" /><testcase classname="tests.test_reentry_reference_history" name="test_young_reference_does_not_invent_missing_long_history_or_freeze_other_names" time="0.010" /><testcase classname="tests.test_reentry_reference_history" name="test_current_or_recent_reference_data_remain_required[missing-current]" time="0.006" /><testcase classname="tests.test_reentry_reference_history" name="test_current_or_recent_reference_data_remain_required[nan-fast]" time="0.005" /><testcase classname="tests.test_reentry_reference_history" name="test_current_or_recent_reference_data_remain_required[too-young]" time="0.005" /><testcase classname="tests.test_reentry_reference_history" name="test_mature_reference_missing_medium_data_still_blocks" time="0.005" /><testcase classname="tests.test_risk_transitions" name="test_correlated_structure_indicators_cast_one_family_vote" time="0.000" /><testcase classname="tests.test_risk_transitions" name="test_base_market_snapshot_owns_existing_market_family_thresholds" time="0.000" /><testcase classname="tests.test_risk_transitions" name="test_base_market_snapshot_does_not_include_account_or_leadership_families" time="0.000" /><testcase classname="tests.test_risk_transitions" name="test_base_market_snapshot_preserves_formal_reason_order_with_leadership" time="0.000" /><testcase classname="tests.test_risk_transitions" name="test_true_crash_escalates_across_independent_evidence_families" time="0.000" /><testcase classname="tests.test_risk_transitions" name="test_young_strategic_damage_guard_caps_exposure_without_retiring_owner" time="0.000" /><testcase classname="tests.test_risk_transitions" name="test_young_diversified_cohort_uses_only_one_transient_damage_trim" time="0.000" /><testcase classname="tests.test_risk_transitions" name="test_completed_strategic_damage_guard_cannot_repeat_in_the_same_epoch" time="0.000" /><testcase classname="tests.test_risk_transitions" name="test_active_strategic_guard_owns_a_level2_cap_without_affecting_other_books" time="0.000" /><testcase classname="tests.test_risk_transitions" name="test_active_strategic_damage_guard_keeps_its_cap_until_strategy_completes" time="0.011" /><testcase classname="tests.test_risk_transitions" name="test_recorded_economic_restore_clears_protection_after_price_drift" time="0.007" /><testcase classname="tests.test_risk_transitions" name="test_transition_damage_observation_does_not_create_a_standalone_freeze" time="0.033" /><testcase classname="tests.test_risk_transitions" name="test_reanchor_pause_and_missing_candidate_break_confirmation_streak" time="0.000" /><testcase classname="tests.test_risk_transitions" name="test_invalid_anchor_candidate_cannot_evict_complete_sentinels[incomplete_count]" time="0.000" /><testcase classname="tests.test_risk_transitions" name="test_invalid_anchor_candidate_cannot_evict_complete_sentinels[insufficient_groups]" time="0.000" /><testcase classname="tests.test_risk_transitions" name="test_assess_risk_only_reanchors_during_a_confirmed_healthy_period" time="0.016" /><testcase classname="tests.test_risk_transitions" name="test_shock_rearm_uses_canonical_tech_calendar_not_panel_order" time="0.024" /><testcase classname="tests.test_risk_transitions" name="test_chronic_overlay_cap_is_a_hard_minimum_on_normal_path" time="0.008" /><testcase classname="tests.test_risk_transitions" name="test_confirmed_risk_off_always_reduces_gross_without_extreme_vote_bundle" time="0.007" /><testcase classname="tests.test_risk_transitions" name="test_strategic_label_cannot_bypass_confirmed_capital_budget_damage" time="0.008" /><testcase classname="tests.test_risk_transitions" name="test_mature_strategic_cohort_break_uses_concentrated_cohort_severity" time="0.014" /><testcase classname="tests.test_risk_transitions" name="test_chronic_overlay_cap_is_a_hard_minimum_on_fast_recovery_path" time="0.007" /><testcase classname="tests.test_risk_transitions" name="test_confirmed_acute_sector_evacuation_preempts_concentrated_crisis_cap" time="0.015" /><testcase classname="tests.test_risk_transitions" name="test_first_full_book_fast_shock_triggers_acute_evacuation" time="0.000" /><testcase classname="tests.test_risk_transitions" name="test_single_live_holding_fast_shock_uses_same_acute_evacuation_owner" time="0.000" /><testcase classname="tests.test_risk_transitions" name="test_acute_overlay_preserves_existing_zero_gross_crisis_owner" time="0.053" /><testcase classname="tests.test_risk_transitions" name="test_protected_restore_cannot_use_overweight_members_to_hide_a_missing_member" time="0.007" /><testcase classname="tests.test_risk_transitions" name="test_capital_budget_repairs_exactly_one_level_per_confirmation_window" time="0.000" /><testcase classname="tests.test_risk_transitions" name="test_capital_budget_repair_requires_drawdown_recovery" time="0.000" /><testcase classname="tests.test_risk_transitions" name="test_single_core_strategic_crisis_uses_concentrated_severity" time="0.000" /><testcase classname="tests.test_risk_transitions" name="test_capital_budget_relapse_escalates_immediately_and_resets_repair" time="0.000" /></testsuite></testsuites>