<?xml version="1.0" encoding="utf-8"?><testsuites name="pytest tests"><testsuite name="pytest" errors="0" failures="0" skipped="0" tests="116" time="5.084" timestamp="2026-09-15T11:14:42.976908+00:00" hostname="localhost"><testcase classname="tests.test_capital_reentry" name="test_five_healthy_sessions_reopen_cash_without_erasing_loss_or_capital_cap" time="0.107" /><testcase classname="tests.test_capital_reentry" name="test_duplicate_scans_and_same_day_missing_inputs_cannot_advance_reentry" time="0.220" /><testcase classname="tests.test_capital_reentry" name="test_interrupted_or_damaged_repair_keeps_new_capital_frozen[skipped-session]" time="0.063" /><testcase classname="tests.test_capital_reentry" name="test_interrupted_or_damaged_repair_keeps_new_capital_frozen[reference-coverage]" time="0.058" /><testcase classname="tests.test_capital_reentry" name="test_interrupted_or_damaged_repair_keeps_new_capital_frozen[nonfinite-input]" time="0.060" /><testcase classname="tests.test_capital_reentry" name="test_live_chronic_damage_retains_its_independent_capital_freeze" time="0.084" /><testcase classname="tests.test_risk_transitions" name="test_correlated_structure_indicators_cast_one_family_vote" time="0.000" /><testcase classname="tests.test_risk_transitions" name="test_base_market_snapshot_owns_existing_market_family_thresholds" time="0.000" /><testcase classname="tests.test_risk_transitions" name="test_base_market_snapshot_does_not_include_account_or_leadership_families" time="0.000" /><testcase classname="tests.test_risk_transitions" name="test_base_market_snapshot_preserves_formal_reason_order_with_leadership" time="0.000" /><testcase classname="tests.test_risk_transitions" name="test_true_crash_escalates_across_independent_evidence_families" time="0.000" /><testcase classname="tests.test_risk_transitions" name="test_young_strategic_damage_guard_caps_exposure_without_retiring_owner" time="0.000" /><testcase classname="tests.test_risk_transitions" name="test_young_diversified_cohort_uses_only_one_transient_damage_trim" time="0.000" /><testcase classname="tests.test_risk_transitions" name="test_completed_strategic_damage_guard_cannot_repeat_in_the_same_epoch" time="0.000" /><testcase classname="tests.test_risk_transitions" name="test_active_strategic_guard_owns_a_level2_cap_without_affecting_other_books" time="0.000" /><testcase classname="tests.test_risk_transitions" name="test_active_strategic_damage_guard_keeps_its_cap_until_strategy_completes" time="0.009" /><testcase classname="tests.test_risk_transitions" name="test_recorded_economic_restore_clears_protection_after_price_drift" time="0.006" /><testcase classname="tests.test_risk_transitions" name="test_transition_damage_observation_does_not_create_a_standalone_freeze" time="0.022" /><testcase classname="tests.test_risk_transitions" name="test_reanchor_pause_and_missing_candidate_break_confirmation_streak" time="0.000" /><testcase classname="tests.test_risk_transitions" name="test_invalid_anchor_candidate_cannot_evict_complete_sentinels[incomplete_count]" time="0.000" /><testcase classname="tests.test_risk_transitions" name="test_invalid_anchor_candidate_cannot_evict_complete_sentinels[insufficient_groups]" time="0.000" /><testcase classname="tests.test_risk_transitions" name="test_assess_risk_only_reanchors_during_a_confirmed_healthy_period" time="0.014" /><testcase classname="tests.test_risk_transitions" name="test_shock_rearm_uses_canonical_tech_calendar_not_panel_order" time="0.017" /><testcase classname="tests.test_risk_transitions" name="test_chronic_overlay_cap_is_a_hard_minimum_on_normal_path" time="0.005" /><testcase classname="tests.test_risk_transitions" name="test_confirmed_risk_off_always_reduces_gross_without_extreme_vote_bundle" time="0.005" /><testcase classname="tests.test_risk_transitions" name="test_strategic_label_cannot_bypass_confirmed_capital_budget_damage" time="0.007" /><testcase classname="tests.test_risk_transitions" name="test_mature_strategic_cohort_break_uses_concentrated_cohort_severity" time="0.012" /><testcase classname="tests.test_risk_transitions" name="test_chronic_overlay_cap_is_a_hard_minimum_on_fast_recovery_path" time="0.006" /><testcase classname="tests.test_risk_transitions" name="test_confirmed_acute_sector_evacuation_preempts_concentrated_crisis_cap" time="0.013" /><testcase classname="tests.test_risk_transitions" name="test_first_full_book_fast_shock_triggers_acute_evacuation" time="0.000" /><testcase classname="tests.test_risk_transitions" name="test_single_live_holding_fast_shock_uses_same_acute_evacuation_owner" time="0.000" /><testcase classname="tests.test_risk_transitions" name="test_acute_overlay_preserves_existing_zero_gross_crisis_owner" time="0.042" /><testcase classname="tests.test_risk_transitions" name="test_protected_restore_cannot_use_overweight_members_to_hide_a_missing_member" time="0.006" /><testcase classname="tests.test_risk_transitions" name="test_capital_budget_repairs_exactly_one_level_per_confirmation_window" time="0.000" /><testcase classname="tests.test_risk_transitions" name="test_capital_budget_repair_requires_drawdown_recovery" time="0.000" /><testcase classname="tests.test_risk_transitions" name="test_single_core_strategic_crisis_uses_concentrated_severity" time="0.000" /><testcase classname="tests.test_risk_transitions" name="test_capital_budget_relapse_escalates_immediately_and_resets_repair" time="0.000" /><testcase classname="tests.test_ordinary_cash_rearm" name="test_twentieth_healthy_session_funds_current_independent_core_without_strategic_grant" time="0.143" /><testcase classname="tests.test_ordinary_cash_rearm" name="test_nineteenth_healthy_session_cannot_fund_even_ready_independent_core" time="0.126" /><testcase classname="tests.test_ordinary_cash_rearm" name="test_ready_account_repair_never_substitutes_for_current_entry_or_risk_permission[current_quality]" time="0.132" /><testcase classname="tests.test_ordinary_cash_rearm" name="test_ready_account_repair_never_substitutes_for_current_entry_or_risk_permission[sentinel]" time="0.129" /><testcase classname="tests.test_ordinary_cash_rearm" name="test_ready_account_repair_never_substitutes_for_current_entry_or_risk_permission[shock]" time="0.134" /><testcase classname="tests.test_ordinary_cash_rearm" name="test_ready_account_repair_never_substitutes_for_current_entry_or_risk_permission[reference_gap]" time="0.157" /><testcase classname="tests.test_ordinary_cash_rearm" name="test_cancelled_ordinary_rearm_cannot_revive_saturated_repair_after_codec" time="0.203" /><testcase classname="tests.test_ordinary_cash_rearm" name="test_partial_ordinary_rearm_keeps_exact_order_and_unfilled_quantity_after_restart" time="0.147" /><testcase classname="tests.test_ordinary_cash_rearm" name="test_consumed_ordinary_authority_is_bound_to_actual_order_and_event" time="0.147" /><testcase classname="tests.test_ordinary_cash_rearm" name="test_partial_attempt_losing_current_quality_is_cancelled_without_reopening_capital" time="0.209" /><testcase classname="tests.test_ordinary_cash_rearm" name="test_proposal_without_native_reconciliation_does_not_consume_repair" time="0.145" /><testcase classname="tests.test_ordinary_cash_rearm" name="test_bound_order_reference_cannot_expand_or_change_ordinary_authority[oversize]" time="0.143" /><testcase classname="tests.test_ordinary_cash_rearm" name="test_bound_order_reference_cannot_expand_or_change_ordinary_authority[symbol]" time="0.137" /><testcase classname="tests.test_ordinary_cash_rearm" name="test_bound_order_reference_cannot_expand_or_change_ordinary_authority[lifecycle]" time="0.131" /><testcase classname="tests.test_ordinary_cash_rearm" name="test_bound_order_reference_cannot_expand_or_change_ordinary_authority[origin]" time="0.159" /><testcase classname="tests.test_ordinary_cash_rearm" name="test_bound_order_reference_cannot_expand_or_change_ordinary_authority[mechanism]" time="0.134" /><testcase classname="tests.test_ordinary_cash_rearm" name="test_bound_order_reference_cannot_expand_or_change_ordinary_authority[grant]" time="0.132" /><testcase classname="tests.test_ordinary_cash_rearm" name="test_codec_rejects_consumed_order_reference_without_matching_native_evidence[order_id]" time="0.133" /><testcase classname="tests.test_ordinary_cash_rearm" name="test_codec_rejects_consumed_order_reference_without_matching_native_evidence[event_id]" time="0.138" /><testcase classname="tests.test_ordinary_cash_rearm" name="test_codec_rejects_consumed_order_reference_without_matching_native_evidence[unspent]" time="0.141" /><testcase classname="tests.test_ordinary_cash_rearm" name="test_codec_rejects_consumed_order_reference_without_matching_native_evidence[oversize]" time="0.130" /><testcase classname="tests.test_ordinary_cash_rearm" name="test_current_decision_input_identity_is_required_for_ordinary_rearm[missing]" time="0.142" /><testcase classname="tests.test_ordinary_cash_rearm" name="test_current_decision_input_identity_is_required_for_ordinary_rearm[stale]" time="0.129" /><testcase classname="tests.test_ordinary_cash_rearm" name="test_sentinel_planning_copy_cannot_count_twentieth_repair_session" time="0.133" /><testcase classname="tests.test_ordinary_cash_rearm" name="test_sentinel_after_completed_native_ordinary_fill_keeps_repair_and_reference_consistent" time="0.145" /><testcase classname="tests.test_risk_sentinel_integration" name="test_shadow_mode_preserves_the_complete_base_assessment" time="0.000" /><testcase classname="tests.test_risk_sentinel_integration" name="test_freeze_requires_ready_confident_confirmed_evidence[sentinel0]" time="0.000" /><testcase classname="tests.test_risk_sentinel_integration" name="test_freeze_requires_ready_confident_confirmed_evidence[sentinel1]" time="0.000" /><testcase classname="tests.test_risk_sentinel_integration" name="test_freeze_requires_ready_confident_confirmed_evidence[sentinel2]" time="0.000" /><testcase classname="tests.test_risk_sentinel_integration" name="test_untrusted_confirmation_history_cannot_authorize_freeze" time="0.000" /><testcase classname="tests.test_risk_sentinel_integration" name="test_causal_history_diagnostics_have_no_timeline_authority" time="0.000" /><testcase classname="tests.test_risk_sentinel_integration" name="test_duplicate_families_do_not_create_incremental_authority" time="0.000" /><testcase classname="tests.test_risk_sentinel_integration" name="test_ineligible_overlay_preserves_base_freeze_evidence_semantics" time="0.000" /><testcase classname="tests.test_risk_sentinel_integration" name="test_incremental_confirmed_evidence_only_sets_freeze" time="0.000" /><testcase classname="tests.test_risk_sentinel_integration" name="test_critical_velocity_and_breadth_can_trigger_without_confirmation" time="0.000" /><testcase classname="tests.test_risk_sentinel_integration" name="test_limited_gross_cap_mode_is_explicitly_rejected" time="0.000" /><testcase classname="tests.test_risk_sentinel_integration" name="test_assess_risk_is_the_only_public_freeze_mapping_boundary" time="0.000" /><testcase classname="tests.test_unified_core_book" name="test_nearly_funded_cohort_keeps_registered_buy_remainder_until_a_real_reduction[none]" time="0.002" /><testcase classname="tests.test_unified_core_book" name="test_nearly_funded_cohort_keeps_registered_buy_remainder_until_a_real_reduction[freeze]" time="0.002" /><testcase classname="tests.test_unified_core_book" name="test_nearly_funded_cohort_keeps_registered_buy_remainder_until_a_real_reduction[profit_lock]" time="0.002" /><testcase classname="tests.test_unified_core_book" name="test_nearly_funded_cohort_keeps_registered_buy_remainder_until_a_real_reduction[trailing_exit]" time="0.002" /><testcase classname="tests.test_unified_core_book" name="test_saved_strategic_restoration_permission_survives_same_decision_completion[none]" time="0.017" /><testcase classname="tests.test_unified_core_book" name="test_saved_strategic_restoration_permission_survives_same_decision_completion[sentinel]" time="0.010" /><testcase classname="tests.test_unified_core_book" name="test_saved_strategic_restoration_permission_survives_same_decision_completion[crisis]" time="0.008" /><testcase classname="tests.test_unified_core_book" name="test_retained_partial_core_intent_uses_current_quality_without_repeating_confirmation[ready-False]" time="0.006" /><testcase classname="tests.test_unified_core_book" name="test_retained_partial_core_intent_uses_current_quality_without_repeating_confirmation[ready-True]" time="0.006" /><testcase classname="tests.test_unified_core_book" name="test_retained_partial_core_intent_uses_current_quality_without_repeating_confirmation[routes_lost-False]" time="0.005" /><testcase classname="tests.test_unified_core_book" name="test_retained_partial_core_intent_uses_current_quality_without_repeating_confirmation[routes_lost-True]" time="0.006" /><testcase classname="tests.test_unified_core_book" name="test_retained_partial_core_intent_uses_current_quality_without_repeating_confirmation[not_mature-False]" time="0.005" /><testcase classname="tests.test_unified_core_book" name="test_retained_partial_core_intent_uses_current_quality_without_repeating_confirmation[not_mature-True]" time="0.005" /><testcase classname="tests.test_unified_core_book" name="test_retained_partial_core_intent_uses_current_quality_without_repeating_confirmation[missing_leader-False]" time="0.005" /><testcase classname="tests.test_unified_core_book" name="test_retained_partial_core_intent_uses_current_quality_without_repeating_confirmation[missing_leader-True]" time="0.005" /><testcase classname="tests.test_unified_core_book" name="test_retained_partial_core_intent_uses_current_quality_without_repeating_confirmation[missing_panel-False]" time="0.004" /><testcase classname="tests.test_unified_core_book" name="test_retained_partial_core_intent_uses_current_quality_without_repeating_confirmation[missing_panel-True]" time="0.004" /><testcase classname="tests.test_unified_core_book" name="test_retained_partial_core_intent_uses_current_quality_without_repeating_confirmation[missing_session-False]" time="0.005" /><testcase classname="tests.test_unified_core_book" name="test_retained_partial_core_intent_uses_current_quality_without_repeating_confirmation[missing_session-True]" time="0.005" /><testcase classname="tests.test_unified_core_book" name="test_fully_exited_ordinary_restore_rights_require_a_new_core_admission[False]" time="0.005" /><testcase classname="tests.test_unified_core_book" name="test_fully_exited_ordinary_restore_rights_require_a_new_core_admission[True]" time="0.006" /><testcase classname="tests.test_unified_core_book" name="test_partial_core_quality_controls_pending_orders_after_restart[rejected_below_target]" time="0.014" /><testcase classname="tests.test_unified_core_book" name="test_partial_core_quality_controls_pending_orders_after_restart[rejected_after_price_drift]" time="0.013" /><testcase classname="tests.test_unified_core_book" name="test_partial_core_quality_controls_pending_orders_after_restart[strict_quality_lost]" time="0.012" /><testcase classname="tests.test_unified_core_book" name="test_partial_core_quality_controls_pending_orders_after_restart[ready_after_price_drift]" time="0.010" /><testcase classname="tests.test_unified_core_book" name="test_confirmed_new_core_uses_spare_capital_without_trimming_incumbent" time="0.011" /><testcase classname="tests.test_unified_core_book" name="test_new_core_cannot_spend_frozen_reserved_or_unproven_capital[freeze]" time="0.007" /><testcase classname="tests.test_unified_core_book" name="test_new_core_cannot_spend_frozen_reserved_or_unproven_capital[reserved]" time="0.010" /><testcase classname="tests.test_unified_core_book" name="test_new_core_cannot_spend_frozen_reserved_or_unproven_capital[missing_correlation]" time="0.005" /><testcase classname="tests.test_unified_core_book" name="test_strategic_exit_does_not_close_an_unrelated_ordinary_holding" time="0.005" /><testcase classname="tests.test_unified_core_book" name="test_correlated_increment_is_capped_against_incumbent_exposure" time="0.003" /><testcase classname="tests.test_unified_core_book" name="test_strategic_increase_cannot_take_an_ordinary_incumbents_capital[0.3]" time="0.007" /><testcase classname="tests.test_unified_core_book" name="test_strategic_increase_cannot_take_an_ordinary_incumbents_capital[0.6]" time="0.006" /><testcase classname="tests.test_unified_core_book" name="test_confirmed_transfer_reduces_saved_rights_without_creating_cash" time="0.005" /><testcase classname="tests.test_unified_core_book" name="test_strategic_grace_cannot_hide_an_unrelated_positions_damage" time="0.000" /><testcase classname="tests.test_unified_core_book" name="test_transfer_requires_consecutive_sessions_and_same_day_is_idempotent" time="0.004" /><testcase classname="tests.test_unified_core_book" name="test_partial_core_retry_keeps_one_order_and_event_after_restart" time="0.011" /><testcase classname="tests.test_unified_core_book" name="test_partial_ordinary_restore_survives_restart_without_new_entry_qualification" time="0.019" /><testcase classname="tests.test_unified_core_book" name="test_ordinary_restore_keeps_continuous_holding_after_fifo_retires_original_lots" time="0.016" /><testcase classname="tests.test_unified_core_book" name="test_order_planning_explains_a_real_no_trade_band_without_changing_intents" time="0.000" /><testcase classname="tests.test_unified_core_book" name="test_binding_budget_reduction_cannot_retain_a_larger_pending_buy[False]" time="0.000" /><testcase classname="tests.test_unified_core_book" name="test_binding_budget_reduction_cannot_retain_a_larger_pending_buy[True]" time="0.000" /></testsuite></testsuites>