<?xml version="1.0" encoding="utf-8"?><testsuites name="pytest tests"><testsuite name="pytest" errors="0" failures="0" skipped="0" tests="57" time="1.439" timestamp="2026-09-15T11:19:19.628361+00:00" hostname="localhost"><testcase classname="tests.test_drawdown_authorization" name="test_observed_h2_drawdown_uses_explicit_absolute_margin_once" time="0.001" /><testcase classname="tests.test_drawdown_authorization" name="test_hard_drawdown_tolerance_is_one_point_not_one_percent" time="0.000" /><testcase classname="tests.test_acceptance_tolerance" name="test_wealth_not_profit_and_bounded_order_revision" time="0.000" /><testcase classname="tests.test_acceptance_tolerance" name="test_authorized_40_orders_does_not_relax_wealth_or_risk" time="0.000" /><testcase classname="tests.test_acceptance_tolerance" name="test_nominal_original_effective_and_unchanged_risk" time="0.000" /><testcase classname="tests.test_acceptance_tolerance" name="test_authorized_h1_drawdown_is_exact_and_case_scoped" time="0.000" /><testcase classname="tests.test_acceptance_tolerance" name="test_short_orders_use_40_and_improvement_delta_is_unchanged" time="0.000" /><testcase classname="tests.test_acceptance_tolerance" name="test_robustness_dual_boundaries_cost_and_risk" time="0.000" /><testcase classname="tests.test_acceptance_tolerance" name="test_nonfinite_or_malformed_metrics_remain_invalid[nan]" time="0.000" /><testcase classname="tests.test_acceptance_tolerance" name="test_nonfinite_or_malformed_metrics_remain_invalid[inf]" time="0.000" /><testcase classname="tests.test_acceptance_tolerance" name="test_nonfinite_or_malformed_metrics_remain_invalid[None]" time="0.000" /><testcase classname="tests.test_acceptance_tolerance" name="test_nonfinite_or_malformed_metrics_remain_invalid[True]" time="0.000" /><testcase classname="tests.test_acceptance_tolerance" name="test_nonfinite_or_malformed_metrics_remain_invalid[1.5]" time="0.000" /><testcase classname="tests.test_acceptance_tolerance" name="test_all_performance_continuous_pools_share_exact_revision[a]" time="0.000" /><testcase classname="tests.test_acceptance_tolerance" name="test_all_performance_continuous_pools_share_exact_revision[b]" time="0.000" /><testcase classname="tests.test_acceptance_tolerance" name="test_all_performance_continuous_pools_share_exact_revision[c]" time="0.000" /><testcase classname="tests.test_acceptance_tolerance" name="test_all_performance_continuous_pools_share_exact_revision[d]" time="0.000" /><testcase classname="tests.test_acceptance_tolerance" name="test_all_performance_continuous_pools_share_exact_revision[e]" time="0.000" /><testcase classname="tests.test_acceptance_tolerance" name="test_small_gap_bull_tolerance_is_only_its_champion_comparison" time="0.001" /><testcase classname="tests.test_acceptance_tolerance" name="test_small_gap_later_wealth_does_not_relax_no_optical_or_orders" time="0.000" /><testcase classname="tests.test_acceptance_tolerance" name="test_small_gap_h1_drawdown_has_one_case_scoped_buffer" time="0.000" /><testcase classname="tests.test_acceptance_tolerance" name="test_comparable_full_nominal_drawdown_gap_is_bounded_and_scoped" time="0.000" /><testcase classname="tests.test_acceptance_tolerance" name="test_full_drawdown_margin_does_not_discount_principal_wealth_or_orders" time="0.000" /><testcase classname="tests.test_acceptance_tolerance" name="test_robustness_reads_once_reports_both_and_keeps_p10_floor" time="0.007" /><testcase classname="tests.test_acceptance_tolerance" name="test_comparable_h2_wealth_margin_is_once_and_retains_other_obligations[no_optical]" time="0.000" /><testcase classname="tests.test_acceptance_tolerance" name="test_comparable_h2_wealth_margin_is_once_and_retains_other_obligations[remove_all_three]" time="0.000" /><testcase classname="tests.test_acceptance_tolerance" name="test_final_nominal_margin_is_absolute_scoped_and_nonaccumulating[no_optical-h1_2023-0.20205429957130802-0.2602425185317515]" time="0.000" /><testcase classname="tests.test_acceptance_tolerance" name="test_final_nominal_margin_is_absolute_scoped_and_nonaccumulating[remove_all_three-h1_2023-0.20205429957130802-0.22705429957130804]" time="0.000" /><testcase classname="tests.test_acceptance_tolerance" name="test_final_nominal_margin_is_absolute_scoped_and_nonaccumulating[no_optical-h2_2024-0.10583048851864583-0.10783048851864584]" time="0.000" /><testcase classname="tests.test_acceptance_tolerance" name="test_final_nominal_margin_is_absolute_scoped_and_nonaccumulating[remove_all_three-h2_2024-0.10583048851864583-0.10783048851864584]" time="0.000" /><testcase classname="tests.test_promotion_resume" name="test_interruption_resumes_all_units_and_retains_economic_failure" time="0.263" /><testcase classname="tests.test_promotion_resume" name="test_unit_rejects_changed_identity[source]" time="0.001" /><testcase classname="tests.test_promotion_resume" name="test_unit_rejects_changed_identity[config]" time="0.001" /><testcase classname="tests.test_promotion_resume" name="test_unit_rejects_changed_identity[data]" time="0.001" /><testcase classname="tests.test_promotion_resume" name="test_unit_rejects_changed_identity[runtime]" time="0.001" /><testcase classname="tests.test_promotion_resume" name="test_unit_rejects_changed_identity[runner]" time="0.001" /><testcase classname="tests.test_promotion_resume" name="test_unit_rejects_changed_identity[baseline]" time="0.001" /><testcase classname="tests.test_promotion_resume" name="test_unit_rejects_changed_identity[roles]" time="0.001" /><testcase classname="tests.test_promotion_resume" name="test_unit_rejects_changed_identity[window]" time="0.001" /><testcase classname="tests.test_promotion_resume" name="test_unit_rejects_corruption_without_overwrite[raw]" time="0.001" /><testcase classname="tests.test_promotion_resume" name="test_unit_rejects_corruption_without_overwrite[truncated]" time="0.001" /><testcase classname="tests.test_promotion_resume" name="test_unit_rejects_corruption_without_overwrite[duplicate]" time="0.001" /><testcase classname="tests.test_promotion_resume" name="test_drift_does_not_publish_unit" time="0.005" /><testcase classname="tests.test_promotion_resume" name="test_cache_rejects_symlinks[directory]" time="0.001" /><testcase classname="tests.test_promotion_resume" name="test_cache_rejects_symlinks[unit]" time="0.001" /><testcase classname="tests.test_fixed_promotion_diagnostic" name="test_unregistered_unit_is_rejected_before_creating_evidence" time="0.001" /><testcase classname="tests.test_fixed_promotion_diagnostic" name="test_existing_diagnostic_result_is_not_overwritten" time="0.576" /><testcase classname="tests.test_fixed_promotion_diagnostic" name="test_public_spec_loader_rejects_corrupt_baselines[{&quot;key&quot;: 1, &quot;key&quot;: 2}-duplicate key]" time="0.001" /><testcase classname="tests.test_fixed_promotion_diagnostic" name="test_public_spec_loader_rejects_corrupt_baselines[{&quot;key&quot;: NaN}-non-standard number]" time="0.001" /><testcase classname="tests.test_fixed_promotion_diagnostic" name="test_public_spec_loader_rejects_corrupt_baselines[[]-must be a JSON object]" time="0.001" /><testcase classname="tests.test_goal_15_40" name="test_principal_15_is_hard_and_40_is_inclusive" time="0.000" /><testcase classname="tests.test_goal_15_40" name="test_performance_cannot_discount_15_to_13_5" time="0.000" /><testcase classname="tests.test_goal_15_40" name="test_absolute_current_champion_uses_same_user_bounds" time="0.000" /><testcase classname="tests.test_goal_15_40" name="test_removal_wealth_is_not_replaced_by_principal_15" time="0.000" /><testcase classname="tests.test_goal_15_40" name="test_best_contributor_removal_keeps_its_separate_frozen_floor" time="0.000" /><testcase classname="tests.test_goal_15_40" name="test_principal_nominal_still_has_the_hard_15_floor" time="0.000" /><testcase classname="tests.test_goal_15_40" name="test_stress_cases_retain_their_own_frozen_relative_requirements" time="0.000" /></testsuite></testsuites>